[0m[[0m[0mdebug[0m] [0m[0m> Exec(run, None, None)[0m
[0m[[0m[0mdebug[0m] [0m[0mEvaluating tasks: Compile / run[0m
[0m[[0m[0mdebug[0m] [0m[0mRunning task... Cancel: Signal, check cycles: false, forcegc: true[0m
[0m[[0m[0minfo[0m] [0m[0mcompiling 3 Scala sources to /Users/tienbm/Workspace/KAFKA-Taxatio/TaxtioKafkaLab/2. Demo-Create-Kafka-Producer/demo-create-kafka-producer/target/scala-2.13/classes ...[0m
[0m[[0m[0minfo[0m] [0m[0mNon-compiled module 'compiler-bridge_2.13' for Scala 2.13.10. Compiling...[0m
[0m[[0m[0minfo[0m] [0m[0m  Compilation completed in 3.306s.[0m
[0m[[0m[33mwarn[0m] [0m[0m/Users/tienbm/Workspace/KAFKA-Taxatio/TaxtioKafkaLab/2. Demo-Create-Kafka-Producer/demo-create-kafka-producer/src/main/scala/com/kafka/scala/demo2/KafkaProducer.scala:6:43: imported `KafkaProducer` is permanently hidden by definition of object KafkaProducer in package subdemo1[0m
[0m[[0m[33mwarn[0m] [0m[0mimport org.apache.kafka.clients.producer.{KafkaProducer, ProducerRecord}[0m
[0m[[0m[33mwarn[0m] [0m[0m                                          ^[0m
[0m[[0m[31merror[0m] [0m[0m/Users/tienbm/Workspace/KAFKA-Taxatio/TaxtioKafkaLab/2. Demo-Create-Kafka-Producer/demo-create-kafka-producer/src/main/scala/com/kafka/scala/demo2/StudentSerializer.scala:4:12: object fasterxml is not a member of package com[0m
[0m[[0m[31merror[0m] [0m[0mimport com.fasterxml.jackson.databind.ObjectMapper[0m
[0m[[0m[31merror[0m] [0m[0m           ^[0m
[0m[[0m[31merror[0m] [0m[0m/Users/tienbm/Workspace/KAFKA-Taxatio/TaxtioKafkaLab/2. Demo-Create-Kafka-Producer/demo-create-kafka-producer/src/main/scala/com/kafka/scala/demo2/StudentSerializer.scala:9:20: not found: type ObjectMapper[0m
[0m[[0m[31merror[0m] [0m[0m  var objectMapper:ObjectMapper = null;[0m
[0m[[0m[31merror[0m] [0m[0m                   ^[0m
[0m[[0m[31merror[0m] [0m[0m/Users/tienbm/Workspace/KAFKA-Taxatio/TaxtioKafkaLab/2. Demo-Create-Kafka-Producer/demo-create-kafka-producer/src/main/scala/com/kafka/scala/demo2/StudentSerializer.scala:12:24: not found: type ObjectMapper[0m
[0m[[0m[31merror[0m] [0m[0m    objectMapper = new ObjectMapper();[0m
[0m[[0m[31merror[0m] [0m[0m                       ^[0m
[0m[[0m[33mwarn[0m] [0m[0mone warning found[0m
[0m[[0m[31merror[0m] [0m[0mthree errors found[0m
[0m[[0m[31merror[0m] [0m[0m(Compile / [31mcompileIncremental[0m) Compilation failed[0m
[0m[[0m[31merror[0m] [0m[0mTotal time: 17 s, completed Dec 5, 2022, 10:15:59 PM[0m
[0m[[0m[0mdebug[0m] [0m[0m> Exec(idea-shell, None, None)[0m
